{"C:\\Users\\socra\\OneDrive\\Área de Trabalho\\repository\\projetos\\labeddit\\labeddit-backend\\src\\business\\PostBusiness.ts": {"path":"C:\\Users\\socra\\OneDrive\\Área de Trabalho\\repository\\projetos\\labeddit\\labeddit-backend\\src\\business\\PostBusiness.ts","statementMap":{"0":{"start":{"line":3,"column":0},"end":{"line":3,"column":101}},"1":{"start":{"line":6,"column":0},"end":{"line":6,"column":59}},"2":{"start":{"line":15,"column":0},"end":{"line":15,"column":55}},"3":{"start":{"line":32,"column":0},"end":{"line":32,"column":45}},"4":{"start":{"line":41,"column":11},"end":{"line":41,"column":39}},"5":{"start":{"line":42,"column":12},"end":{"line":42,"column":36}},"6":{"start":{"line":43,"column":12},"end":{"line":43,"column":38}},"7":{"start":{"line":44,"column":11},"end":{"line":44,"column":37}},"8":{"start":{"line":46,"column":9},"end":{"line":81,"column":4}},"9":{"start":{"line":48,"column":36},"end":{"line":81,"column":4}},"10":{"start":{"line":49,"column":31},"end":{"line":49,"column":36}},"11":{"start":{"line":50,"column":20},"end":{"line":50,"column":55}},"12":{"start":{"line":51,"column":4},"end":{"line":53,"column":null}},"13":{"start":{"line":52,"column":6},"end":{"line":52,"column":50}},"14":{"start":{"line":55,"column":15},"end":{"line":55,"column":45}},"15":{"start":{"line":57,"column":25},"end":{"line":57,"column":66}},"16":{"start":{"line":59,"column":4},"end":{"line":61,"column":null}},"17":{"start":{"line":60,"column":6},"end":{"line":60,"column":50}},"18":{"start":{"line":63,"column":20},"end":{"line":71,"column":null}},"19":{"start":{"line":74,"column":24},"end":{"line":74,"column":43}},"20":{"start":{"line":76,"column":4},"end":{"line":76,"column":53}},"21":{"start":{"line":78,"column":40},"end":{"line":78,"column":49}},"22":{"start":{"line":80,"column":4},"end":{"line":80,"column":18}},"23":{"start":{"line":83,"column":9},"end":{"line":119,"column":4}},"24":{"start":{"line":85,"column":39},"end":{"line":119,"column":4}},"25":{"start":{"line":86,"column":39},"end":{"line":86,"column":44}},"26":{"start":{"line":87,"column":20},"end":{"line":87,"column":55}},"27":{"start":{"line":88,"column":4},"end":{"line":90,"column":null}},"28":{"start":{"line":89,"column":6},"end":{"line":89,"column":50}},"29":{"start":{"line":92,"column":15},"end":{"line":92,"column":45}},"30":{"start":{"line":95,"column":20},"end":{"line":103,"column":null}},"31":{"start":{"line":106,"column":24},"end":{"line":106,"column":43}},"32":{"start":{"line":108,"column":20},"end":{"line":108,"column":71}},"33":{"start":{"line":109,"column":4},"end":{"line":109,"column":56}},"34":{"start":{"line":110,"column":4},"end":{"line":112,"column":null}},"35":{"start":{"line":111,"column":6},"end":{"line":111,"column":55}},"36":{"start":{"line":114,"column":4},"end":{"line":114,"column":null}},"37":{"start":{"line":116,"column":43},"end":{"line":116,"column":52}},"38":{"start":{"line":118,"column":4},"end":{"line":118,"column":18}},"39":{"start":{"line":121,"column":9},"end":{"line":180,"column":4}},"40":{"start":{"line":123,"column":34},"end":{"line":180,"column":4}},"41":{"start":{"line":124,"column":22},"end":{"line":124,"column":27}},"42":{"start":{"line":126,"column":20},"end":{"line":126,"column":55}},"43":{"start":{"line":128,"column":4},"end":{"line":130,"column":null}},"44":{"start":{"line":129,"column":6},"end":{"line":129,"column":49}},"45":{"start":{"line":132,"column":20},"end":{"line":132,"column":55}},"46":{"start":{"line":134,"column":21},"end":{"line":146,"column":6}},"47":{"start":{"line":135,"column":19},"end":{"line":143,"column":null}},"48":{"start":{"line":145,"column":6},"end":{"line":145,"column":36}},"49":{"start":{"line":148,"column":29},"end":{"line":148,"column":67}},"50":{"start":{"line":148,"column":52},"end":{"line":148,"column":66}},"51":{"start":{"line":150,"column":26},"end":{"line":150,"column":28}},"52":{"start":{"line":152,"column":4},"end":{"line":158,"column":null}},"53":{"start":{"line":152,"column":17},"end":{"line":152,"column":18}},"54":{"start":{"line":153,"column":21},"end":{"line":154,"column":null}},"55":{"start":{"line":157,"column":6},"end":{"line":157,"column":28}},"56":{"start":{"line":160,"column":17},"end":{"line":175,"column":6}},"57":{"start":{"line":161,"column":24},"end":{"line":173,"column":8}},"58":{"start":{"line":174,"column":6},"end":{"line":174,"column":23}},"59":{"start":{"line":177,"column":38},"end":{"line":177,"column":42}},"60":{"start":{"line":179,"column":4},"end":{"line":179,"column":18}},"61":{"start":{"line":181,"column":9},"end":{"line":245,"column":4}},"62":{"start":{"line":183,"column":37},"end":{"line":245,"column":4}},"63":{"start":{"line":184,"column":30},"end":{"line":184,"column":35}},"64":{"start":{"line":186,"column":20},"end":{"line":186,"column":55}},"65":{"start":{"line":188,"column":4},"end":{"line":190,"column":null}},"66":{"start":{"line":189,"column":6},"end":{"line":189,"column":49}},"67":{"start":{"line":192,"column":22},"end":{"line":192,"column":67}},"68":{"start":{"line":194,"column":4},"end":{"line":196,"column":null}},"69":{"start":{"line":195,"column":6},"end":{"line":195,"column":50}},"70":{"start":{"line":198,"column":20},"end":{"line":198,"column":64}},"71":{"start":{"line":200,"column":21},"end":{"line":212,"column":6}},"72":{"start":{"line":201,"column":19},"end":{"line":209,"column":null}},"73":{"start":{"line":211,"column":6},"end":{"line":211,"column":44}},"74":{"start":{"line":214,"column":29},"end":{"line":214,"column":67}},"75":{"start":{"line":214,"column":52},"end":{"line":214,"column":66}},"76":{"start":{"line":216,"column":26},"end":{"line":216,"column":28}},"77":{"start":{"line":218,"column":4},"end":{"line":224,"column":null}},"78":{"start":{"line":218,"column":17},"end":{"line":218,"column":18}},"79":{"start":{"line":219,"column":21},"end":{"line":220,"column":null}},"80":{"start":{"line":223,"column":6},"end":{"line":223,"column":28}},"81":{"start":{"line":226,"column":17},"end":{"line":240,"column":6}},"82":{"start":{"line":227,"column":24},"end":{"line":238,"column":8}},"83":{"start":{"line":239,"column":6},"end":{"line":239,"column":23}},"84":{"start":{"line":242,"column":41},"end":{"line":242,"column":45}},"85":{"start":{"line":244,"column":4},"end":{"line":244,"column":18}},"86":{"start":{"line":249,"column":9},"end":{"line":317,"column":4}},"87":{"start":{"line":251,"column":37},"end":{"line":317,"column":4}},"88":{"start":{"line":252,"column":36},"end":{"line":252,"column":41}},"89":{"start":{"line":254,"column":20},"end":{"line":254,"column":55}},"90":{"start":{"line":256,"column":4},"end":{"line":258,"column":null}},"91":{"start":{"line":257,"column":6},"end":{"line":257,"column":51}},"92":{"start":{"line":259,"column":19},"end":{"line":259,"column":64}},"93":{"start":{"line":261,"column":4},"end":{"line":263,"column":null}},"94":{"start":{"line":262,"column":6},"end":{"line":262,"column":52}},"95":{"start":{"line":265,"column":17},"end":{"line":273,"column":null}},"96":{"start":{"line":276,"column":23},"end":{"line":276,"column":35}},"97":{"start":{"line":278,"column":41},"end":{"line":282,"column":6}},"98":{"start":{"line":284,"column":30},"end":{"line":285,"column":null}},"99":{"start":{"line":288,"column":4},"end":{"line":309,"column":null}},"100":{"start":{"line":289,"column":6},"end":{"line":296,"column":null}},"101":{"start":{"line":290,"column":8},"end":{"line":290,"column":66}},"102":{"start":{"line":291,"column":8},"end":{"line":291,"column":26}},"103":{"start":{"line":293,"column":8},"end":{"line":293,"column":66}},"104":{"start":{"line":294,"column":8},"end":{"line":294,"column":26}},"105":{"start":{"line":295,"column":8},"end":{"line":295,"column":27}},"106":{"start":{"line":297,"column":11},"end":{"line":309,"column":null}},"107":{"start":{"line":298,"column":6},"end":{"line":305,"column":null}},"108":{"start":{"line":299,"column":8},"end":{"line":299,"column":66}},"109":{"start":{"line":300,"column":8},"end":{"line":300,"column":30}},"110":{"start":{"line":302,"column":8},"end":{"line":302,"column":66}},"111":{"start":{"line":303,"column":8},"end":{"line":303,"column":30}},"112":{"start":{"line":304,"column":8},"end":{"line":304,"column":23}},"113":{"start":{"line":307,"column":6},"end":{"line":307,"column":64}},"114":{"start":{"line":308,"column":6},"end":{"line":308,"column":49}},"115":{"start":{"line":311,"column":26},"end":{"line":311,"column":42}},"116":{"start":{"line":312,"column":4},"end":{"line":312,"column":55}},"117":{"start":{"line":314,"column":41},"end":{"line":314,"column":50}},"118":{"start":{"line":316,"column":4},"end":{"line":316,"column":18}},"119":{"start":{"line":319,"column":9},"end":{"line":352,"column":4}},"120":{"start":{"line":321,"column":32},"end":{"line":352,"column":4}},"121":{"start":{"line":322,"column":30},"end":{"line":322,"column":35}},"122":{"start":{"line":323,"column":19},"end":{"line":323,"column":64}},"123":{"start":{"line":325,"column":4},"end":{"line":327,"column":null}},"124":{"start":{"line":326,"column":6},"end":{"line":326,"column":50}},"125":{"start":{"line":329,"column":20},"end":{"line":329,"column":55}},"126":{"start":{"line":331,"column":4},"end":{"line":333,"column":null}},"127":{"start":{"line":332,"column":6},"end":{"line":332,"column":51}},"128":{"start":{"line":335,"column":37},"end":{"line":347,"column":6}},"129":{"start":{"line":349,"column":36},"end":{"line":349,"column":47}},"130":{"start":{"line":351,"column":4},"end":{"line":351,"column":18}},"131":{"start":{"line":39,"column":0},"end":{"line":39,"column":13}}},"fnMap":{"0":{"name":"(anonymous_7)","decl":{"start":{"line":40,"column":2},"end":{"line":40,"column":null}},"loc":{"start":{"line":44,"column":37},"end":{"line":45,"column":6}}},"1":{"name":"(anonymous_8)","decl":{"start":{"line":46,"column":22},"end":{"line":46,"column":null}},"loc":{"start":{"line":48,"column":36},"end":{"line":81,"column":4}}},"2":{"name":"(anonymous_9)","decl":{"start":{"line":48,"column":36},"end":{"line":48,"column":null}},"loc":{"start":{"line":48,"column":36},"end":{"line":81,"column":3}}},"3":{"name":"(anonymous_10)","decl":{"start":{"line":83,"column":25},"end":{"line":83,"column":null}},"loc":{"start":{"line":85,"column":39},"end":{"line":119,"column":4}}},"4":{"name":"(anonymous_11)","decl":{"start":{"line":85,"column":39},"end":{"line":85,"column":null}},"loc":{"start":{"line":85,"column":39},"end":{"line":119,"column":3}}},"5":{"name":"(anonymous_12)","decl":{"start":{"line":121,"column":19},"end":{"line":121,"column":null}},"loc":{"start":{"line":123,"column":34},"end":{"line":180,"column":4}}},"6":{"name":"(anonymous_13)","decl":{"start":{"line":123,"column":34},"end":{"line":123,"column":null}},"loc":{"start":{"line":123,"column":34},"end":{"line":180,"column":3}}},"7":{"name":"(anonymous_14)","decl":{"start":{"line":134,"column":33},"end":{"line":134,"column":34}},"loc":{"start":{"line":134,"column":45},"end":{"line":146,"column":5}}},"8":{"name":"(anonymous_15)","decl":{"start":{"line":148,"column":42},"end":{"line":148,"column":43}},"loc":{"start":{"line":148,"column":52},"end":{"line":148,"column":66}}},"9":{"name":"(anonymous_16)","decl":{"start":{"line":160,"column":30},"end":{"line":160,"column":31}},"loc":{"start":{"line":160,"column":46},"end":{"line":175,"column":5}}},"10":{"name":"(anonymous_17)","decl":{"start":{"line":181,"column":23},"end":{"line":181,"column":null}},"loc":{"start":{"line":183,"column":37},"end":{"line":245,"column":4}}},"11":{"name":"(anonymous_18)","decl":{"start":{"line":183,"column":37},"end":{"line":183,"column":null}},"loc":{"start":{"line":183,"column":37},"end":{"line":245,"column":3}}},"12":{"name":"(anonymous_19)","decl":{"start":{"line":200,"column":33},"end":{"line":200,"column":34}},"loc":{"start":{"line":200,"column":45},"end":{"line":212,"column":5}}},"13":{"name":"(anonymous_20)","decl":{"start":{"line":214,"column":42},"end":{"line":214,"column":43}},"loc":{"start":{"line":214,"column":52},"end":{"line":214,"column":66}}},"14":{"name":"(anonymous_21)","decl":{"start":{"line":226,"column":30},"end":{"line":226,"column":31}},"loc":{"start":{"line":226,"column":46},"end":{"line":240,"column":5}}},"15":{"name":"(anonymous_22)","decl":{"start":{"line":249,"column":27},"end":{"line":249,"column":null}},"loc":{"start":{"line":251,"column":37},"end":{"line":317,"column":4}}},"16":{"name":"(anonymous_23)","decl":{"start":{"line":251,"column":37},"end":{"line":251,"column":null}},"loc":{"start":{"line":251,"column":37},"end":{"line":317,"column":3}}},"17":{"name":"(anonymous_24)","decl":{"start":{"line":319,"column":23},"end":{"line":319,"column":null}},"loc":{"start":{"line":321,"column":32},"end":{"line":352,"column":4}}},"18":{"name":"(anonymous_25)","decl":{"start":{"line":321,"column":32},"end":{"line":321,"column":null}},"loc":{"start":{"line":321,"column":32},"end":{"line":352,"column":3}}}},"branchMap":{"0":{"loc":{"start":{"line":51,"column":4},"end":{"line":53,"column":null}},"type":"if","locations":[{"start":{"line":51,"column":4},"end":{"line":53,"column":null}}]},"1":{"loc":{"start":{"line":59,"column":4},"end":{"line":61,"column":null}},"type":"if","locations":[{"start":{"line":59,"column":4},"end":{"line":61,"column":null}}]},"2":{"loc":{"start":{"line":88,"column":4},"end":{"line":90,"column":null}},"type":"if","locations":[{"start":{"line":88,"column":4},"end":{"line":90,"column":null}}]},"3":{"loc":{"start":{"line":110,"column":4},"end":{"line":112,"column":null}},"type":"if","locations":[{"start":{"line":110,"column":4},"end":{"line":112,"column":null}}]},"4":{"loc":{"start":{"line":128,"column":4},"end":{"line":130,"column":null}},"type":"if","locations":[{"start":{"line":128,"column":4},"end":{"line":130,"column":null}}]},"5":{"loc":{"start":{"line":188,"column":4},"end":{"line":190,"column":null}},"type":"if","locations":[{"start":{"line":188,"column":4},"end":{"line":190,"column":null}}]},"6":{"loc":{"start":{"line":194,"column":4},"end":{"line":196,"column":null}},"type":"if","locations":[{"start":{"line":194,"column":4},"end":{"line":196,"column":null}}]},"7":{"loc":{"start":{"line":256,"column":4},"end":{"line":258,"column":null}},"type":"if","locations":[{"start":{"line":256,"column":4},"end":{"line":258,"column":null}}]},"8":{"loc":{"start":{"line":261,"column":4},"end":{"line":263,"column":null}},"type":"if","locations":[{"start":{"line":261,"column":4},"end":{"line":263,"column":null}}]},"9":{"loc":{"start":{"line":276,"column":23},"end":{"line":276,"column":35}},"type":"cond-expr","locations":[{"start":{"line":276,"column":30},"end":{"line":276,"column":31}},{"start":{"line":276,"column":34},"end":{"line":276,"column":35}}]},"10":{"loc":{"start":{"line":288,"column":4},"end":{"line":309,"column":null}},"type":"if","locations":[{"start":{"line":288,"column":4},"end":{"line":309,"column":null}},{"start":{"line":297,"column":11},"end":{"line":309,"column":null}}]},"11":{"loc":{"start":{"line":289,"column":6},"end":{"line":296,"column":null}},"type":"if","locations":[{"start":{"line":289,"column":6},"end":{"line":296,"column":null}},{"start":{"line":292,"column":13},"end":{"line":296,"column":null}}]},"12":{"loc":{"start":{"line":297,"column":11},"end":{"line":309,"column":null}},"type":"if","locations":[{"start":{"line":297,"column":11},"end":{"line":309,"column":null}},{"start":{"line":306,"column":11},"end":{"line":309,"column":null}}]},"13":{"loc":{"start":{"line":298,"column":6},"end":{"line":305,"column":null}},"type":"if","locations":[{"start":{"line":298,"column":6},"end":{"line":305,"column":null}},{"start":{"line":301,"column":13},"end":{"line":305,"column":null}}]},"14":{"loc":{"start":{"line":308,"column":6},"end":{"line":308,"column":48}},"type":"cond-expr","locations":[{"start":{"line":308,"column":13},"end":{"line":308,"column":27}},{"start":{"line":308,"column":30},"end":{"line":308,"column":48}}]},"15":{"loc":{"start":{"line":325,"column":4},"end":{"line":327,"column":null}},"type":"if","locations":[{"start":{"line":325,"column":4},"end":{"line":327,"column":null}}]},"16":{"loc":{"start":{"line":331,"column":4},"end":{"line":333,"column":null}},"type":"if","locations":[{"start":{"line":331,"column":4},"end":{"line":333,"column":null}}]}},"s":{"0":5,"1":5,"2":5,"3":5,"4":5,"5":5,"6":5,"7":5,"8":5,"9":3,"10":3,"11":3,"12":3,"13":1,"14":2,"15":2,"16":2,"17":1,"18":1,"19":1,"20":1,"21":1,"22":1,"23":5,"24":3,"25":3,"26":3,"27":3,"28":1,"29":2,"30":2,"31":2,"32":2,"33":2,"34":2,"35":1,"36":1,"37":1,"38":1,"39":5,"40":3,"41":3,"42":3,"43":3,"44":1,"45":2,"46":2,"47":4,"48":4,"49":2,"50":4,"51":2,"52":2,"53":2,"54":4,"55":4,"56":2,"57":4,"58":4,"59":2,"60":2,"61":5,"62":3,"63":3,"64":3,"65":3,"66":1,"67":2,"68":2,"69":1,"70":1,"71":1,"72":3,"73":3,"74":1,"75":3,"76":1,"77":1,"78":1,"79":3,"80":3,"81":1,"82":3,"83":3,"84":1,"85":1,"86":5,"87":6,"88":6,"89":6,"90":6,"91":1,"92":5,"93":5,"94":1,"95":4,"96":4,"97":4,"98":4,"99":4,"100":2,"101":2,"102":2,"103":0,"104":0,"105":0,"106":2,"107":1,"108":0,"109":0,"110":1,"111":1,"112":1,"113":1,"114":1,"115":4,"116":4,"117":4,"118":4,"119":5,"120":0,"121":0,"122":0,"123":0,"124":0,"125":0,"126":0,"127":0,"128":0,"129":0,"130":0,"131":5},"f":{"0":5,"1":3,"2":3,"3":3,"4":3,"5":3,"6":3,"7":4,"8":4,"9":4,"10":3,"11":3,"12":3,"13":3,"14":3,"15":6,"16":6,"17":0,"18":0},"b":{"0":[1],"1":[1],"2":[1],"3":[1],"4":[1],"5":[1],"6":[1],"7":[1],"8":[1],"9":[4,0],"10":[2,2],"11":[2,0],"12":[1,1],"13":[0,1],"14":[1,0],"15":[0],"16":[0]}}
,"C:\\Users\\socra\\OneDrive\\Área de Trabalho\\repository\\projetos\\labeddit\\labeddit-backend\\src\\business\\UsersBusiness.ts": {"path":"C:\\Users\\socra\\OneDrive\\Área de Trabalho\\repository\\projetos\\labeddit\\labeddit-backend\\src\\business\\UsersBusiness.ts","statementMap":{"0":{"start":{"line":4,"column":0},"end":{"line":4,"column":59}},"1":{"start":{"line":5,"column":0},"end":{"line":5,"column":55}},"2":{"start":{"line":6,"column":0},"end":{"line":6,"column":50}},"3":{"start":{"line":13,"column":12},"end":{"line":13,"column":38}},"4":{"start":{"line":14,"column":12},"end":{"line":14,"column":36}},"5":{"start":{"line":15,"column":12},"end":{"line":15,"column":38}},"6":{"start":{"line":16,"column":12},"end":{"line":16,"column":37}},"7":{"start":{"line":18,"column":9},"end":{"line":57,"column":4}},"8":{"start":{"line":18,"column":76},"end":{"line":57,"column":4}},"9":{"start":{"line":19,"column":38},"end":{"line":19,"column":43}},"10":{"start":{"line":21,"column":25},"end":{"line":21,"column":71}},"11":{"start":{"line":23,"column":4},"end":{"line":25,"column":null}},"12":{"start":{"line":24,"column":6},"end":{"line":24,"column":62}},"13":{"start":{"line":27,"column":15},"end":{"line":27,"column":45}},"14":{"start":{"line":29,"column":27},"end":{"line":29,"column":64}},"15":{"start":{"line":31,"column":20},"end":{"line":37,"column":null}},"16":{"start":{"line":40,"column":22},"end":{"line":40,"column":41}},"17":{"start":{"line":41,"column":4},"end":{"line":41,"column":50}},"18":{"start":{"line":43,"column":39},"end":{"line":47,"column":6}},"19":{"start":{"line":49,"column":18},"end":{"line":49,"column":61}},"20":{"start":{"line":51,"column":35},"end":{"line":54,"column":6}},"21":{"start":{"line":56,"column":4},"end":{"line":56,"column":18}},"22":{"start":{"line":59,"column":9},"end":{"line":99,"column":4}},"23":{"start":{"line":59,"column":73},"end":{"line":99,"column":4}},"24":{"start":{"line":60,"column":32},"end":{"line":60,"column":37}},"25":{"start":{"line":62,"column":19},"end":{"line":62,"column":65}},"26":{"start":{"line":64,"column":4},"end":{"line":66,"column":null}},"27":{"start":{"line":65,"column":6},"end":{"line":65,"column":51}},"28":{"start":{"line":68,"column":26},"end":{"line":70,"column":null}},"29":{"start":{"line":73,"column":4},"end":{"line":75,"column":null}},"30":{"start":{"line":74,"column":6},"end":{"line":74,"column":null}},"31":{"start":{"line":77,"column":17},"end":{"line":83,"column":null}},"32":{"start":{"line":86,"column":39},"end":{"line":90,"column":6}},"33":{"start":{"line":91,"column":18},"end":{"line":91,"column":61}},"34":{"start":{"line":93,"column":19},"end":{"line":96,"column":6}},"35":{"start":{"line":98,"column":4},"end":{"line":98,"column":18}},"36":{"start":{"line":11,"column":0},"end":{"line":11,"column":13}}},"fnMap":{"0":{"name":"(anonymous_7)","decl":{"start":{"line":12,"column":2},"end":{"line":12,"column":null}},"loc":{"start":{"line":16,"column":37},"end":{"line":17,"column":6}}},"1":{"name":"(anonymous_8)","decl":{"start":{"line":18,"column":18},"end":{"line":18,"column":25}},"loc":{"start":{"line":18,"column":76},"end":{"line":57,"column":4}}},"2":{"name":"(anonymous_9)","decl":{"start":{"line":18,"column":76},"end":{"line":18,"column":null}},"loc":{"start":{"line":18,"column":76},"end":{"line":57,"column":3}}},"3":{"name":"(anonymous_10)","decl":{"start":{"line":59,"column":17},"end":{"line":59,"column":24}},"loc":{"start":{"line":59,"column":73},"end":{"line":99,"column":4}}},"4":{"name":"(anonymous_11)","decl":{"start":{"line":59,"column":73},"end":{"line":59,"column":null}},"loc":{"start":{"line":59,"column":73},"end":{"line":99,"column":3}}}},"branchMap":{"0":{"loc":{"start":{"line":23,"column":4},"end":{"line":25,"column":null}},"type":"if","locations":[{"start":{"line":23,"column":4},"end":{"line":25,"column":null}}]},"1":{"loc":{"start":{"line":64,"column":4},"end":{"line":66,"column":null}},"type":"if","locations":[{"start":{"line":64,"column":4},"end":{"line":66,"column":null}}]},"2":{"loc":{"start":{"line":73,"column":4},"end":{"line":75,"column":null}},"type":"if","locations":[{"start":{"line":73,"column":4},"end":{"line":75,"column":null}}]}},"s":{"0":2,"1":2,"2":2,"3":2,"4":2,"5":2,"6":2,"7":2,"8":2,"9":2,"10":2,"11":2,"12":1,"13":1,"14":1,"15":1,"16":1,"17":1,"18":1,"19":1,"20":1,"21":1,"22":2,"23":4,"24":4,"25":4,"26":4,"27":1,"28":3,"29":3,"30":2,"31":1,"32":1,"33":1,"34":1,"35":1,"36":2},"f":{"0":2,"1":2,"2":2,"3":4,"4":4},"b":{"0":[1],"1":[1],"2":[2]}}
,"C:\\Users\\socra\\OneDrive\\Área de Trabalho\\repository\\projetos\\labeddit\\labeddit-backend\\src\\dtos\\Posts\\createPosts.dto.ts": {"path":"C:\\Users\\socra\\OneDrive\\Área de Trabalho\\repository\\projetos\\labeddit\\labeddit-backend\\src\\dtos\\Posts\\createPosts.dto.ts","statementMap":{"0":{"start":{"line":1,"column":0},"end":{"line":1,"column":20}},"1":{"start":{"line":13,"column":13},"end":{"line":16,"column":null}},"2":{"start":{"line":16,"column":21},"end":{"line":16,"column":47}}},"fnMap":{"0":{"name":"(anonymous_1)","decl":{"start":{"line":16,"column":13},"end":{"line":16,"column":17}},"loc":{"start":{"line":16,"column":21},"end":{"line":16,"column":47}}}},"branchMap":{},"s":{"0":1,"1":1,"2":3},"f":{"0":3},"b":{}}
,"C:\\Users\\socra\\OneDrive\\Área de Trabalho\\repository\\projetos\\labeddit\\labeddit-backend\\src\\dtos\\Users\\login.dto.ts": {"path":"C:\\Users\\socra\\OneDrive\\Área de Trabalho\\repository\\projetos\\labeddit\\labeddit-backend\\src\\dtos\\Users\\login.dto.ts","statementMap":{"0":{"start":{"line":1,"column":0},"end":{"line":1,"column":19}},"1":{"start":{"line":13,"column":13},"end":{"line":16,"column":null}},"2":{"start":{"line":16,"column":21},"end":{"line":16,"column":42}}},"fnMap":{"0":{"name":"(anonymous_1)","decl":{"start":{"line":16,"column":13},"end":{"line":16,"column":17}},"loc":{"start":{"line":16,"column":21},"end":{"line":16,"column":42}}}},"branchMap":{},"s":{"0":1,"1":1,"2":4},"f":{"0":4},"b":{}}
,"C:\\Users\\socra\\OneDrive\\Área de Trabalho\\repository\\projetos\\labeddit\\labeddit-backend\\src\\dtos\\Users\\signup.dto.ts": {"path":"C:\\Users\\socra\\OneDrive\\Área de Trabalho\\repository\\projetos\\labeddit\\labeddit-backend\\src\\dtos\\Users\\signup.dto.ts","statementMap":{"0":{"start":{"line":1,"column":0},"end":{"line":1,"column":19}},"1":{"start":{"line":14,"column":13},"end":{"line":18,"column":null}},"2":{"start":{"line":18,"column":21},"end":{"line":18,"column":43}}},"fnMap":{"0":{"name":"(anonymous_1)","decl":{"start":{"line":18,"column":13},"end":{"line":18,"column":17}},"loc":{"start":{"line":18,"column":21},"end":{"line":18,"column":43}}}},"branchMap":{},"s":{"0":1,"1":1,"2":2},"f":{"0":2},"b":{}}
,"C:\\Users\\socra\\OneDrive\\Área de Trabalho\\repository\\projetos\\labeddit\\labeddit-backend\\src\\error\\BadRequestError.ts": {"path":"C:\\Users\\socra\\OneDrive\\Área de Trabalho\\repository\\projetos\\labeddit\\labeddit-backend\\src\\error\\BadRequestError.ts","statementMap":{"0":{"start":{"line":1,"column":0},"end":{"line":1,"column":40}},"1":{"start":{"line":7,"column":8},"end":{"line":7,"column":null}},"2":{"start":{"line":3,"column":0},"end":{"line":3,"column":13}}},"fnMap":{"0":{"name":"(anonymous_0)","decl":{"start":{"line":4,"column":4},"end":{"line":4,"column":null}},"loc":{"start":{"line":5,"column":43},"end":{"line":8,"column":5}}}},"branchMap":{"0":{"loc":{"start":{"line":5,"column":8},"end":{"line":5,"column":43}},"type":"default-arg","locations":[{"start":{"line":5,"column":26},"end":{"line":5,"column":43}}]}},"s":{"0":7,"1":11,"2":7},"f":{"0":11},"b":{"0":[0]}}
,"C:\\Users\\socra\\OneDrive\\Área de Trabalho\\repository\\projetos\\labeddit\\labeddit-backend\\src\\error\\NotFoundError.ts": {"path":"C:\\Users\\socra\\OneDrive\\Área de Trabalho\\repository\\projetos\\labeddit\\labeddit-backend\\src\\error\\NotFoundError.ts","statementMap":{"0":{"start":{"line":1,"column":0},"end":{"line":1,"column":40}},"1":{"start":{"line":7,"column":8},"end":{"line":7,"column":null}},"2":{"start":{"line":3,"column":0},"end":{"line":3,"column":13}}},"fnMap":{"0":{"name":"(anonymous_0)","decl":{"start":{"line":4,"column":4},"end":{"line":4,"column":null}},"loc":{"start":{"line":5,"column":37},"end":{"line":8,"column":5}}}},"branchMap":{"0":{"loc":{"start":{"line":5,"column":8},"end":{"line":5,"column":37}},"type":"default-arg","locations":[{"start":{"line":5,"column":26},"end":{"line":5,"column":37}}]}},"s":{"0":7,"1":2,"2":7},"f":{"0":2},"b":{"0":[0]}}
,"C:\\Users\\socra\\OneDrive\\Área de Trabalho\\repository\\projetos\\labeddit\\labeddit-backend\\src\\models\\Post.ts": {"path":"C:\\Users\\socra\\OneDrive\\Área de Trabalho\\repository\\projetos\\labeddit\\labeddit-backend\\src\\models\\Post.ts","statementMap":{"0":{"start":{"line":70,"column":0},"end":{"line":70,"column":null}},"1":{"start":{"line":71,"column":2},"end":{"line":71,"column":null}},"2":{"start":{"line":72,"column":2},"end":{"line":72,"column":null}},"3":{"start":{"line":74,"column":0},"end":{"line":74,"column":null}},"4":{"start":{"line":75,"column":2},"end":{"line":75,"column":null}},"5":{"start":{"line":80,"column":12},"end":{"line":80,"column":22}},"6":{"start":{"line":81,"column":12},"end":{"line":81,"column":29}},"7":{"start":{"line":82,"column":12},"end":{"line":82,"column":27}},"8":{"start":{"line":83,"column":12},"end":{"line":83,"column":25}},"9":{"start":{"line":84,"column":12},"end":{"line":84,"column":28}},"10":{"start":{"line":85,"column":12},"end":{"line":85,"column":29}},"11":{"start":{"line":86,"column":12},"end":{"line":86,"column":29}},"12":{"start":{"line":87,"column":12},"end":{"line":87,"column":33}},"13":{"start":{"line":137,"column":9},"end":{"line":139,"column":null}},"14":{"start":{"line":138,"column":4},"end":{"line":138,"column":null}},"15":{"start":{"line":141,"column":9},"end":{"line":143,"column":null}},"16":{"start":{"line":142,"column":4},"end":{"line":142,"column":null}},"17":{"start":{"line":149,"column":9},"end":{"line":151,"column":null}},"18":{"start":{"line":150,"column":4},"end":{"line":150,"column":null}},"19":{"start":{"line":153,"column":9},"end":{"line":155,"column":null}},"20":{"start":{"line":154,"column":4},"end":{"line":154,"column":null}},"21":{"start":{"line":90,"column":4},"end":{"line":90,"column":19}},"22":{"start":{"line":94,"column":4},"end":{"line":94,"column":26}},"23":{"start":{"line":98,"column":4},"end":{"line":98,"column":24}},"24":{"start":{"line":102,"column":4},"end":{"line":102,"column":22}},"25":{"start":{"line":105,"column":4},"end":{"line":105,"column":25}},"26":{"start":{"line":108,"column":4},"end":{"line":108,"column":26}},"27":{"start":{"line":112,"column":4},"end":{"line":112,"column":26}},"28":{"start":{"line":116,"column":4},"end":{"line":116,"column":20}},"29":{"start":{"line":119,"column":4},"end":{"line":119,"column":27}},"30":{"start":{"line":123,"column":4},"end":{"line":123,"column":25}},"31":{"start":{"line":127,"column":4},"end":{"line":127,"column":23}},"32":{"start":{"line":131,"column":4},"end":{"line":131,"column":27}},"33":{"start":{"line":135,"column":4},"end":{"line":135,"column":27}},"34":{"start":{"line":146,"column":4},"end":{"line":146,"column":null}},"35":{"start":{"line":158,"column":4},"end":{"line":167,"column":6}},"36":{"start":{"line":171,"column":4},"end":{"line":179,"column":6}},"37":{"start":{"line":78,"column":0},"end":{"line":78,"column":13}}},"fnMap":{"0":{"name":"(anonymous_0)","decl":{"start":{"line":70,"column":0},"end":{"line":70,"column":12}},"loc":{"start":{"line":70,"column":21},"end":{"line":73,"column":1}}},"1":{"name":"(anonymous_1)","decl":{"start":{"line":74,"column":0},"end":{"line":74,"column":12}},"loc":{"start":{"line":74,"column":26},"end":{"line":76,"column":1}}},"2":{"name":"(anonymous_2)","decl":{"start":{"line":79,"column":2},"end":{"line":79,"column":null}},"loc":{"start":{"line":87,"column":33},"end":{"line":88,"column":6}}},"3":{"name":"(anonymous_3)","decl":{"start":{"line":137,"column":19},"end":{"line":137,"column":28}},"loc":{"start":{"line":137,"column":30},"end":{"line":139,"column":3}}},"4":{"name":"(anonymous_4)","decl":{"start":{"line":141,"column":22},"end":{"line":141,"column":31}},"loc":{"start":{"line":141,"column":33},"end":{"line":143,"column":3}}},"5":{"name":"(anonymous_5)","decl":{"start":{"line":149,"column":23},"end":{"line":149,"column":32}},"loc":{"start":{"line":149,"column":34},"end":{"line":151,"column":3}}},"6":{"name":"(anonymous_6)","decl":{"start":{"line":153,"column":26},"end":{"line":153,"column":35}},"loc":{"start":{"line":153,"column":37},"end":{"line":155,"column":3}}},"7":{"name":"(anonymous_7)","decl":{"start":{"line":89,"column":9},"end":{"line":89,"column":14}},"loc":{"start":{"line":89,"column":14},"end":{"line":91,"column":3}}},"8":{"name":"(anonymous_8)","decl":{"start":{"line":93,"column":9},"end":{"line":93,"column":21}},"loc":{"start":{"line":93,"column":21},"end":{"line":95,"column":3}}},"9":{"name":"(anonymous_9)","decl":{"start":{"line":97,"column":9},"end":{"line":97,"column":19}},"loc":{"start":{"line":97,"column":19},"end":{"line":99,"column":3}}},"10":{"name":"(anonymous_10)","decl":{"start":{"line":101,"column":9},"end":{"line":101,"column":17}},"loc":{"start":{"line":101,"column":17},"end":{"line":103,"column":3}}},"11":{"name":"(anonymous_11)","decl":{"start":{"line":104,"column":9},"end":{"line":104,"column":19}},"loc":{"start":{"line":104,"column":19},"end":{"line":106,"column":3}}},"12":{"name":"(anonymous_12)","decl":{"start":{"line":107,"column":9},"end":{"line":107,"column":21}},"loc":{"start":{"line":107,"column":21},"end":{"line":109,"column":3}}},"13":{"name":"(anonymous_13)","decl":{"start":{"line":111,"column":9},"end":{"line":111,"column":21}},"loc":{"start":{"line":111,"column":21},"end":{"line":113,"column":3}}},"14":{"name":"(anonymous_14)","decl":{"start":{"line":115,"column":9},"end":{"line":115,"column":14}},"loc":{"start":{"line":115,"column":28},"end":{"line":117,"column":3}}},"15":{"name":"(anonymous_15)","decl":{"start":{"line":118,"column":9},"end":{"line":118,"column":21}},"loc":{"start":{"line":118,"column":35},"end":{"line":120,"column":3}}},"16":{"name":"(anonymous_16)","decl":{"start":{"line":122,"column":9},"end":{"line":122,"column":19}},"loc":{"start":{"line":122,"column":33},"end":{"line":124,"column":3}}},"17":{"name":"(anonymous_17)","decl":{"start":{"line":126,"column":9},"end":{"line":126,"column":16}},"loc":{"start":{"line":126,"column":30},"end":{"line":128,"column":3}}},"18":{"name":"(anonymous_18)","decl":{"start":{"line":130,"column":9},"end":{"line":130,"column":21}},"loc":{"start":{"line":130,"column":35},"end":{"line":132,"column":3}}},"19":{"name":"(anonymous_19)","decl":{"start":{"line":134,"column":9},"end":{"line":134,"column":21}},"loc":{"start":{"line":134,"column":35},"end":{"line":136,"column":3}}},"20":{"name":"(anonymous_20)","decl":{"start":{"line":145,"column":9},"end":{"line":145,"column":21}},"loc":{"start":{"line":145,"column":35},"end":{"line":147,"column":3}}},"21":{"name":"(anonymous_21)","decl":{"start":{"line":157,"column":9},"end":{"line":157,"column":24}},"loc":{"start":{"line":157,"column":24},"end":{"line":168,"column":3}}},"22":{"name":"(anonymous_22)","decl":{"start":{"line":170,"column":9},"end":{"line":170,"column":18}},"loc":{"start":{"line":170,"column":18},"end":{"line":180,"column":3}}}},"branchMap":{"0":{"loc":{"start":{"line":70,"column":12},"end":{"line":70,"column":null}},"type":"binary-expr","locations":[{"start":{"line":70,"column":12},"end":{"line":70,"column":21}},{"start":{"line":70,"column":21},"end":{"line":70,"column":null}}]},"1":{"loc":{"start":{"line":74,"column":12},"end":{"line":74,"column":null}},"type":"binary-expr","locations":[{"start":{"line":74,"column":12},"end":{"line":74,"column":26}},{"start":{"line":74,"column":26},"end":{"line":74,"column":null}}]}},"s":{"0":5,"1":5,"2":5,"3":5,"4":5,"5":10,"6":10,"7":10,"8":10,"9":10,"10":10,"11":10,"12":10,"13":10,"14":2,"15":10,"16":2,"17":10,"18":0,"19":10,"20":1,"21":1,"22":1,"23":1,"24":1,"25":0,"26":1,"27":1,"28":0,"29":0,"30":0,"31":0,"32":0,"33":0,"34":0,"35":4,"36":5,"37":5},"f":{"0":5,"1":5,"2":10,"3":2,"4":2,"5":0,"6":1,"7":1,"8":1,"9":1,"10":1,"11":0,"12":1,"13":1,"14":0,"15":0,"16":0,"17":0,"18":0,"19":0,"20":0,"21":4,"22":5},"b":{"0":[5,5],"1":[5,5]}}
,"C:\\Users\\socra\\OneDrive\\Área de Trabalho\\repository\\projetos\\labeddit\\labeddit-backend\\tests\\mocks\\HashManagerMock.ts": {"path":"C:\\Users\\socra\\OneDrive\\Área de Trabalho\\repository\\projetos\\labeddit\\labeddit-backend\\tests\\mocks\\HashManagerMock.ts","statementMap":{"0":{"start":{"line":2,"column":9},"end":{"line":4,"column":4}},"1":{"start":{"line":2,"column":61},"end":{"line":4,"column":4}},"2":{"start":{"line":3,"column":4},"end":{"line":3,"column":23}},"3":{"start":{"line":6,"column":9},"end":{"line":20,"column":4}},"4":{"start":{"line":9,"column":24},"end":{"line":20,"column":4}},"5":{"start":{"line":10,"column":4},"end":{"line":19,"column":null}},"6":{"start":{"line":12,"column":8},"end":{"line":12,"column":43}},"7":{"start":{"line":15,"column":8},"end":{"line":15,"column":45}},"8":{"start":{"line":18,"column":8},"end":{"line":18,"column":21}},"9":{"start":{"line":1,"column":0},"end":{"line":1,"column":13}}},"fnMap":{"0":{"name":"(anonymous_7)","decl":{"start":{"line":1,"column":0},"end":{"line":1,"column":13}},"loc":{"start":{"line":1,"column":0},"end":{"line":21,"column":1}}},"1":{"name":"(anonymous_8)","decl":{"start":{"line":2,"column":16},"end":{"line":2,"column":23}},"loc":{"start":{"line":2,"column":61},"end":{"line":4,"column":4}}},"2":{"name":"(anonymous_9)","decl":{"start":{"line":2,"column":61},"end":{"line":2,"column":null}},"loc":{"start":{"line":2,"column":61},"end":{"line":4,"column":3}}},"3":{"name":"(anonymous_10)","decl":{"start":{"line":6,"column":19},"end":{"line":6,"column":null}},"loc":{"start":{"line":9,"column":24},"end":{"line":20,"column":4}}},"4":{"name":"(anonymous_11)","decl":{"start":{"line":9,"column":24},"end":{"line":9,"column":null}},"loc":{"start":{"line":9,"column":24},"end":{"line":20,"column":3}}}},"branchMap":{"0":{"loc":{"start":{"line":10,"column":4},"end":{"line":19,"column":null}},"type":"switch","locations":[{"start":{"line":11,"column":6},"end":{"line":12,"column":43}},{"start":{"line":14,"column":6},"end":{"line":15,"column":45}},{"start":{"line":17,"column":6},"end":{"line":18,"column":21}}]}},"s":{"0":2,"1":1,"2":1,"3":2,"4":3,"5":3,"6":1,"7":0,"8":2,"9":2},"f":{"0":2,"1":1,"2":1,"3":3,"4":3},"b":{"0":[1,0,2]}}
,"C:\\Users\\socra\\OneDrive\\Área de Trabalho\\repository\\projetos\\labeddit\\labeddit-backend\\tests\\mocks\\IdGeneratorMock.ts": {"path":"C:\\Users\\socra\\OneDrive\\Área de Trabalho\\repository\\projetos\\labeddit\\labeddit-backend\\tests\\mocks\\IdGeneratorMock.ts","statementMap":{"0":{"start":{"line":3,"column":4},"end":{"line":3,"column":21}},"1":{"start":{"line":1,"column":0},"end":{"line":1,"column":13}}},"fnMap":{"0":{"name":"(anonymous_0)","decl":{"start":{"line":2,"column":9},"end":{"line":2,"column":20}},"loc":{"start":{"line":2,"column":20},"end":{"line":4,"column":3}}}},"branchMap":{},"s":{"0":5,"1":7},"f":{"0":5},"b":{}}
,"C:\\Users\\socra\\OneDrive\\Área de Trabalho\\repository\\projetos\\labeddit\\labeddit-backend\\tests\\mocks\\PostsDatabaseMock.ts": {"path":"C:\\Users\\socra\\OneDrive\\Área de Trabalho\\repository\\projetos\\labeddit\\labeddit-backend\\tests\\mocks\\PostsDatabaseMock.ts","statementMap":{"0":{"start":{"line":2,"column":0},"end":{"line":2,"column":74}},"1":{"start":{"line":3,"column":0},"end":{"line":3,"column":63}},"2":{"start":{"line":6,"column":35},"end":{"line":27,"column":2}},"3":{"start":{"line":29,"column":43},"end":{"line":45,"column":2}},"4":{"start":{"line":47,"column":34},"end":{"line":78,"column":2}},"5":{"start":{"line":86,"column":4},"end":{"line":86,"column":31}},"6":{"start":{"line":90,"column":4},"end":{"line":90,"column":21}},"7":{"start":{"line":94,"column":4},"end":{"line":94,"column":52}},"8":{"start":{"line":94,"column":36},"end":{"line":94,"column":50}},"9":{"start":{"line":98,"column":22},"end":{"line":98,"column":74}},"10":{"start":{"line":98,"column":52},"end":{"line":98,"column":73}},"11":{"start":{"line":99,"column":4},"end":{"line":101,"column":null}},"12":{"start":{"line":100,"column":6},"end":{"line":100,"column":36}},"13":{"start":{"line":105,"column":22},"end":{"line":105,"column":67}},"14":{"start":{"line":105,"column":52},"end":{"line":105,"column":66}},"15":{"start":{"line":106,"column":4},"end":{"line":108,"column":null}},"16":{"start":{"line":107,"column":6},"end":{"line":107,"column":37}},"17":{"start":{"line":114,"column":4},"end":{"line":114,"column":45}},"18":{"start":{"line":120,"column":32},"end":{"line":123,"column":null}},"19":{"start":{"line":122,"column":8},"end":{"line":123,"column":44}},"20":{"start":{"line":126,"column":4},"end":{"line":132,"column":null}},"21":{"start":{"line":127,"column":6},"end":{"line":127,"column":23}},"22":{"start":{"line":128,"column":11},"end":{"line":132,"column":null}},"23":{"start":{"line":129,"column":6},"end":{"line":129,"column":37}},"24":{"start":{"line":131,"column":6},"end":{"line":131,"column":40}},"25":{"start":{"line":138,"column":29},"end":{"line":141,"column":null}},"26":{"start":{"line":140,"column":8},"end":{"line":141,"column":44}},"27":{"start":{"line":143,"column":4},"end":{"line":145,"column":null}},"28":{"start":{"line":144,"column":6},"end":{"line":144,"column":52}},"29":{"start":{"line":151,"column":29},"end":{"line":154,"column":null}},"30":{"start":{"line":153,"column":8},"end":{"line":154,"column":44}},"31":{"start":{"line":156,"column":4},"end":{"line":158,"column":null}},"32":{"start":{"line":157,"column":6},"end":{"line":157,"column":58}},"33":{"start":{"line":162,"column":4},"end":{"line":162,"column":31}},"34":{"start":{"line":168,"column":46},"end":{"line":169,"column":null}},"35":{"start":{"line":169,"column":16},"end":{"line":169,"column":36}},"36":{"start":{"line":171,"column":4},"end":{"line":171,"column":18}},"37":{"start":{"line":175,"column":30},"end":{"line":176,"column":null}},"38":{"start":{"line":176,"column":19},"end":{"line":176,"column":47}},"39":{"start":{"line":178,"column":4},"end":{"line":178,"column":16}},"40":{"start":{"line":185,"column":19},"end":{"line":185,"column":63}},"41":{"start":{"line":185,"column":44},"end":{"line":185,"column":62}},"42":{"start":{"line":186,"column":4},"end":{"line":188,"column":null}},"43":{"start":{"line":187,"column":6},"end":{"line":187,"column":49}},"44":{"start":{"line":80,"column":0},"end":{"line":80,"column":13}},"45":{"start":{"line":81,"column":16},"end":{"line":81,"column":37}},"46":{"start":{"line":82,"column":16},"end":{"line":82,"column":48}},"47":{"start":{"line":83,"column":16},"end":{"line":83,"column":43}}},"fnMap":{"0":{"name":"(anonymous_7)","decl":{"start":{"line":85,"column":15},"end":{"line":85,"column":25}},"loc":{"start":{"line":85,"column":51},"end":{"line":87,"column":null}}},"1":{"name":"(anonymous_9)","decl":{"start":{"line":89,"column":15},"end":{"line":89,"column":23}},"loc":{"start":{"line":89,"column":23},"end":{"line":91,"column":null}}},"2":{"name":"(anonymous_11)","decl":{"start":{"line":93,"column":15},"end":{"line":93,"column":27}},"loc":{"start":{"line":93,"column":38},"end":{"line":95,"column":null}}},"3":{"name":"(anonymous_13)","decl":{"start":{"line":94,"column":26},"end":{"line":94,"column":27}},"loc":{"start":{"line":94,"column":36},"end":{"line":94,"column":50}}},"4":{"name":"(anonymous_14)","decl":{"start":{"line":97,"column":15},"end":{"line":97,"column":25}},"loc":{"start":{"line":97,"column":47},"end":{"line":102,"column":null}}},"5":{"name":"(anonymous_16)","decl":{"start":{"line":98,"column":42},"end":{"line":98,"column":43}},"loc":{"start":{"line":98,"column":52},"end":{"line":98,"column":73}}},"6":{"name":"(anonymous_17)","decl":{"start":{"line":104,"column":15},"end":{"line":104,"column":29}},"loc":{"start":{"line":104,"column":40},"end":{"line":109,"column":null}}},"7":{"name":"(anonymous_19)","decl":{"start":{"line":105,"column":42},"end":{"line":105,"column":43}},"loc":{"start":{"line":105,"column":52},"end":{"line":105,"column":66}}},"8":{"name":"(anonymous_20)","decl":{"start":{"line":111,"column":15},"end":{"line":111,"column":32}},"loc":{"start":{"line":112,"column":35},"end":{"line":115,"column":null}}},"9":{"name":"(anonymous_22)","decl":{"start":{"line":117,"column":15},"end":{"line":117,"column":30}},"loc":{"start":{"line":118,"column":32},"end":{"line":133,"column":null}}},"10":{"name":"(anonymous_24)","decl":{"start":{"line":121,"column":6},"end":{"line":121,"column":7}},"loc":{"start":{"line":122,"column":8},"end":{"line":123,"column":44}}},"11":{"name":"(anonymous_25)","decl":{"start":{"line":135,"column":15},"end":{"line":135,"column":32}},"loc":{"start":{"line":136,"column":32},"end":{"line":146,"column":null}}},"12":{"name":"(anonymous_27)","decl":{"start":{"line":139,"column":6},"end":{"line":139,"column":7}},"loc":{"start":{"line":140,"column":8},"end":{"line":141,"column":44}}},"13":{"name":"(anonymous_28)","decl":{"start":{"line":148,"column":15},"end":{"line":148,"column":32}},"loc":{"start":{"line":149,"column":32},"end":{"line":159,"column":null}}},"14":{"name":"(anonymous_30)","decl":{"start":{"line":152,"column":6},"end":{"line":152,"column":7}},"loc":{"start":{"line":153,"column":8},"end":{"line":154,"column":44}}},"15":{"name":"(anonymous_31)","decl":{"start":{"line":161,"column":15},"end":{"line":161,"column":28}},"loc":{"start":{"line":161,"column":47},"end":{"line":163,"column":null}}},"16":{"name":"(anonymous_33)","decl":{"start":{"line":165,"column":15},"end":{"line":165,"column":33}},"loc":{"start":{"line":166,"column":20},"end":{"line":172,"column":null}}},"17":{"name":"(anonymous_35)","decl":{"start":{"line":169,"column":6},"end":{"line":169,"column":7}},"loc":{"start":{"line":169,"column":16},"end":{"line":169,"column":36}}},"18":{"name":"(anonymous_36)","decl":{"start":{"line":174,"column":15},"end":{"line":174,"column":26}},"loc":{"start":{"line":174,"column":43},"end":{"line":179,"column":null}}},"19":{"name":"(anonymous_38)","decl":{"start":{"line":176,"column":6},"end":{"line":176,"column":7}},"loc":{"start":{"line":176,"column":19},"end":{"line":176,"column":47}}},"20":{"name":"(anonymous_39)","decl":{"start":{"line":181,"column":15},"end":{"line":181,"column":34}},"loc":{"start":{"line":183,"column":29},"end":{"line":189,"column":null}}},"21":{"name":"(anonymous_41)","decl":{"start":{"line":185,"column":34},"end":{"line":185,"column":35}},"loc":{"start":{"line":185,"column":44},"end":{"line":185,"column":62}}}},"branchMap":{"0":{"loc":{"start":{"line":99,"column":4},"end":{"line":101,"column":null}},"type":"if","locations":[{"start":{"line":99,"column":4},"end":{"line":101,"column":null}}]},"1":{"loc":{"start":{"line":106,"column":4},"end":{"line":108,"column":null}},"type":"if","locations":[{"start":{"line":106,"column":4},"end":{"line":108,"column":null}}]},"2":{"loc":{"start":{"line":122,"column":8},"end":{"line":123,"column":44}},"type":"binary-expr","locations":[{"start":{"line":122,"column":8},"end":{"line":122,"column":44}},{"start":{"line":123,"column":8},"end":{"line":123,"column":44}}]},"3":{"loc":{"start":{"line":126,"column":4},"end":{"line":132,"column":null}},"type":"if","locations":[{"start":{"line":126,"column":4},"end":{"line":132,"column":null}},{"start":{"line":128,"column":11},"end":{"line":132,"column":null}}]},"4":{"loc":{"start":{"line":128,"column":11},"end":{"line":132,"column":null}},"type":"if","locations":[{"start":{"line":128,"column":11},"end":{"line":132,"column":null}},{"start":{"line":130,"column":11},"end":{"line":132,"column":null}}]},"5":{"loc":{"start":{"line":140,"column":8},"end":{"line":141,"column":44}},"type":"binary-expr","locations":[{"start":{"line":140,"column":8},"end":{"line":140,"column":44}},{"start":{"line":141,"column":8},"end":{"line":141,"column":44}}]},"6":{"loc":{"start":{"line":143,"column":4},"end":{"line":145,"column":null}},"type":"if","locations":[{"start":{"line":143,"column":4},"end":{"line":145,"column":null}}]},"7":{"loc":{"start":{"line":153,"column":8},"end":{"line":154,"column":44}},"type":"binary-expr","locations":[{"start":{"line":153,"column":8},"end":{"line":153,"column":44}},{"start":{"line":154,"column":8},"end":{"line":154,"column":44}}]},"8":{"loc":{"start":{"line":156,"column":4},"end":{"line":158,"column":null}},"type":"if","locations":[{"start":{"line":156,"column":4},"end":{"line":158,"column":null}}]},"9":{"loc":{"start":{"line":186,"column":4},"end":{"line":188,"column":null}},"type":"if","locations":[{"start":{"line":186,"column":4},"end":{"line":188,"column":null}}]}},"s":{"0":5,"1":5,"2":5,"3":5,"4":5,"5":1,"6":2,"7":9,"8":14,"9":4,"10":4,"11":4,"12":4,"13":0,"14":0,"15":0,"16":0,"17":1,"18":4,"19":5,"20":4,"21":1,"22":3,"23":2,"24":1,"25":2,"26":2,"27":2,"28":2,"29":1,"30":2,"31":1,"32":1,"33":2,"34":2,"35":3,"36":2,"37":1,"38":3,"39":1,"40":1,"41":1,"42":1,"43":1,"44":5,"45":5,"46":5,"47":5},"f":{"0":1,"1":2,"2":9,"3":14,"4":4,"5":4,"6":0,"7":0,"8":1,"9":4,"10":5,"11":2,"12":2,"13":1,"14":2,"15":2,"16":2,"17":3,"18":1,"19":3,"20":1,"21":1},"b":{"0":[4],"1":[0],"2":[5,3],"3":[1,3],"4":[2,1],"5":[2,2],"6":[2],"7":[2,1],"8":[1],"9":[1]}}
,"C:\\Users\\socra\\OneDrive\\Área de Trabalho\\repository\\projetos\\labeddit\\labeddit-backend\\tests\\mocks\\TokenManagerMock.ts": {"path":"C:\\Users\\socra\\OneDrive\\Área de Trabalho\\repository\\projetos\\labeddit\\labeddit-backend\\tests\\mocks\\TokenManagerMock.ts","statementMap":{"0":{"start":{"line":1,"column":0},"end":{"line":1,"column":51}},"1":{"start":{"line":5,"column":9},"end":{"line":16,"column":4}},"2":{"start":{"line":6,"column":4},"end":{"line":15,"column":null}},"3":{"start":{"line":8,"column":6},"end":{"line":8,"column":26}},"4":{"start":{"line":9,"column":11},"end":{"line":15,"column":null}},"5":{"start":{"line":11,"column":6},"end":{"line":11,"column":33}},"6":{"start":{"line":14,"column":6},"end":{"line":14,"column":35}},"7":{"start":{"line":18,"column":9},"end":{"line":34,"column":4}},"8":{"start":{"line":19,"column":4},"end":{"line":33,"column":null}},"9":{"start":{"line":20,"column":6},"end":{"line":24,"column":8}},"10":{"start":{"line":25,"column":11},"end":{"line":33,"column":null}},"11":{"start":{"line":26,"column":6},"end":{"line":30,"column":8}},"12":{"start":{"line":32,"column":6},"end":{"line":32,"column":18}},"13":{"start":{"line":4,"column":0},"end":{"line":4,"column":13}}},"fnMap":{"0":{"name":"(anonymous_0)","decl":{"start":{"line":4,"column":0},"end":{"line":4,"column":13}},"loc":{"start":{"line":4,"column":0},"end":{"line":35,"column":1}}},"1":{"name":"(anonymous_1)","decl":{"start":{"line":5,"column":23},"end":{"line":5,"column":24}},"loc":{"start":{"line":5,"column":57},"end":{"line":16,"column":3}}},"2":{"name":"(anonymous_2)","decl":{"start":{"line":18,"column":22},"end":{"line":18,"column":23}},"loc":{"start":{"line":18,"column":61},"end":{"line":34,"column":3}}}},"branchMap":{"0":{"loc":{"start":{"line":6,"column":4},"end":{"line":15,"column":null}},"type":"if","locations":[{"start":{"line":6,"column":4},"end":{"line":15,"column":null}},{"start":{"line":9,"column":11},"end":{"line":15,"column":null}}]},"1":{"loc":{"start":{"line":9,"column":11},"end":{"line":15,"column":null}},"type":"if","locations":[{"start":{"line":9,"column":11},"end":{"line":15,"column":null}},{"start":{"line":12,"column":11},"end":{"line":15,"column":null}}]},"2":{"loc":{"start":{"line":19,"column":4},"end":{"line":33,"column":null}},"type":"if","locations":[{"start":{"line":19,"column":4},"end":{"line":33,"column":null}},{"start":{"line":25,"column":11},"end":{"line":33,"column":null}}]},"3":{"loc":{"start":{"line":25,"column":11},"end":{"line":33,"column":null}},"type":"if","locations":[{"start":{"line":25,"column":11},"end":{"line":33,"column":null}},{"start":{"line":31,"column":11},"end":{"line":33,"column":null}}]}},"s":{"0":7,"1":7,"2":2,"3":1,"4":1,"5":1,"6":0,"7":7,"8":18,"9":10,"10":8,"11":3,"12":5,"13":7},"f":{"0":7,"1":2,"2":18},"b":{"0":[1,1],"1":[1,0],"2":[10,8],"3":[3,5]}}
,"C:\\Users\\socra\\OneDrive\\Área de Trabalho\\repository\\projetos\\labeddit\\labeddit-backend\\tests\\mocks\\UserDatabaseMock.ts": {"path":"C:\\Users\\socra\\OneDrive\\Área de Trabalho\\repository\\projetos\\labeddit\\labeddit-backend\\tests\\mocks\\UserDatabaseMock.ts","statementMap":{"0":{"start":{"line":1,"column":0},"end":{"line":1,"column":59}},"1":{"start":{"line":2,"column":0},"end":{"line":2,"column":63}},"2":{"start":{"line":4,"column":28},"end":{"line":21,"column":2}},"3":{"start":{"line":27,"column":4},"end":{"line":33,"column":null}},"4":{"start":{"line":28,"column":6},"end":{"line":30,"column":8}},"5":{"start":{"line":29,"column":8},"end":{"line":29,"column":69}},"6":{"start":{"line":32,"column":6},"end":{"line":32,"column":23}},"7":{"start":{"line":37,"column":4},"end":{"line":37,"column":63}},"8":{"start":{"line":37,"column":38},"end":{"line":37,"column":58}},"9":{"start":{"line":41,"column":4},"end":{"line":41,"column":57}},"10":{"start":{"line":41,"column":38},"end":{"line":41,"column":52}},"11":{"start":{"line":45,"column":4},"end":{"line":45,"column":14}},"12":{"start":{"line":48,"column":4},"end":{"line":48,"column":14}},"13":{"start":{"line":51,"column":61},"end":{"line":51,"column":null}},"14":{"start":{"line":53,"column":79},"end":{"line":53,"column":null}},"15":{"start":{"line":55,"column":62},"end":{"line":55,"column":null}},"16":{"start":{"line":23,"column":0},"end":{"line":23,"column":13}},"17":{"start":{"line":24,"column":16},"end":{"line":24,"column":38}}},"fnMap":{"0":{"name":"(anonymous_7)","decl":{"start":{"line":26,"column":15},"end":{"line":26,"column":24}},"loc":{"start":{"line":26,"column":46},"end":{"line":34,"column":null}}},"1":{"name":"(anonymous_9)","decl":{"start":{"line":28,"column":30},"end":{"line":28,"column":31}},"loc":{"start":{"line":29,"column":8},"end":{"line":29,"column":69}}},"2":{"name":"(anonymous_10)","decl":{"start":{"line":36,"column":15},"end":{"line":36,"column":30}},"loc":{"start":{"line":36,"column":44},"end":{"line":38,"column":null}}},"3":{"name":"(anonymous_12)","decl":{"start":{"line":37,"column":28},"end":{"line":37,"column":29}},"loc":{"start":{"line":37,"column":38},"end":{"line":37,"column":58}}},"4":{"name":"(anonymous_13)","decl":{"start":{"line":40,"column":15},"end":{"line":40,"column":27}},"loc":{"start":{"line":40,"column":38},"end":{"line":42,"column":null}}},"5":{"name":"(anonymous_15)","decl":{"start":{"line":41,"column":28},"end":{"line":41,"column":29}},"loc":{"start":{"line":41,"column":38},"end":{"line":41,"column":52}}},"6":{"name":"(anonymous_16)","decl":{"start":{"line":44,"column":15},"end":{"line":44,"column":29}},"loc":{"start":{"line":44,"column":40},"end":{"line":46,"column":null}}},"7":{"name":"(anonymous_18)","decl":{"start":{"line":47,"column":15},"end":{"line":47,"column":27}},"loc":{"start":{"line":47,"column":38},"end":{"line":49,"column":null}}},"8":{"name":"(anonymous_20)","decl":{"start":{"line":51,"column":15},"end":{"line":51,"column":25}},"loc":{"start":{"line":51,"column":43},"end":{"line":51,"column":null}}},"9":{"name":"(anonymous_21)","decl":{"start":{"line":51,"column":61},"end":{"line":51,"column":62}},"loc":{"start":{"line":51,"column":61},"end":{"line":51,"column":62}}},"10":{"name":"(anonymous_22)","decl":{"start":{"line":53,"column":15},"end":{"line":53,"column":25}},"loc":{"start":{"line":53,"column":61},"end":{"line":53,"column":null}}},"11":{"name":"(anonymous_23)","decl":{"start":{"line":53,"column":79},"end":{"line":53,"column":80}},"loc":{"start":{"line":53,"column":79},"end":{"line":53,"column":80}}},"12":{"name":"(anonymous_24)","decl":{"start":{"line":55,"column":15},"end":{"line":55,"column":25}},"loc":{"start":{"line":55,"column":44},"end":{"line":55,"column":null}}},"13":{"name":"(anonymous_25)","decl":{"start":{"line":55,"column":62},"end":{"line":55,"column":63}},"loc":{"start":{"line":55,"column":62},"end":{"line":55,"column":63}}}},"branchMap":{"0":{"loc":{"start":{"line":27,"column":4},"end":{"line":33,"column":null}},"type":"if","locations":[{"start":{"line":27,"column":4},"end":{"line":33,"column":null}},{"start":{"line":31,"column":11},"end":{"line":33,"column":null}}]}},"s":{"0":7,"1":7,"2":7,"3":0,"4":0,"5":0,"6":0,"7":6,"8":12,"9":0,"10":0,"11":7,"12":0,"13":1,"14":0,"15":0,"16":7,"17":7},"f":{"0":0,"1":0,"2":6,"3":12,"4":0,"5":0,"6":7,"7":0,"8":1,"9":1,"10":0,"11":0,"12":0,"13":0},"b":{"0":[0,0]}}
}
