TN:
SF:src\business\PostBusiness.ts
FN:40,(anonymous_7)
FN:46,(anonymous_8)
FN:48,(anonymous_9)
FN:83,(anonymous_10)
FN:85,(anonymous_11)
FN:121,(anonymous_12)
FN:123,(anonymous_13)
FN:134,(anonymous_14)
FN:148,(anonymous_15)
FN:160,(anonymous_16)
FN:181,(anonymous_17)
FN:183,(anonymous_18)
FN:200,(anonymous_19)
FN:214,(anonymous_20)
FN:226,(anonymous_21)
FN:249,(anonymous_22)
FN:251,(anonymous_23)
FN:319,(anonymous_24)
FN:321,(anonymous_25)
FNF:19
FNH:17
FNDA:5,(anonymous_7)
FNDA:3,(anonymous_8)
FNDA:3,(anonymous_9)
FNDA:3,(anonymous_10)
FNDA:3,(anonymous_11)
FNDA:3,(anonymous_12)
FNDA:3,(anonymous_13)
FNDA:4,(anonymous_14)
FNDA:4,(anonymous_15)
FNDA:4,(anonymous_16)
FNDA:3,(anonymous_17)
FNDA:3,(anonymous_18)
FNDA:3,(anonymous_19)
FNDA:3,(anonymous_20)
FNDA:3,(anonymous_21)
FNDA:6,(anonymous_22)
FNDA:6,(anonymous_23)
FNDA:0,(anonymous_24)
FNDA:0,(anonymous_25)
DA:3,5
DA:6,5
DA:15,5
DA:32,5
DA:39,5
DA:41,5
DA:42,5
DA:43,5
DA:44,5
DA:46,5
DA:48,3
DA:49,3
DA:50,3
DA:51,3
DA:52,1
DA:55,2
DA:57,2
DA:59,2
DA:60,1
DA:63,1
DA:74,1
DA:76,1
DA:78,1
DA:80,1
DA:83,5
DA:85,3
DA:86,3
DA:87,3
DA:88,3
DA:89,1
DA:92,2
DA:95,2
DA:106,2
DA:108,2
DA:109,2
DA:110,2
DA:111,1
DA:114,1
DA:116,1
DA:118,1
DA:121,5
DA:123,3
DA:124,3
DA:126,3
DA:128,3
DA:129,1
DA:132,2
DA:134,2
DA:135,4
DA:145,4
DA:148,4
DA:150,2
DA:152,2
DA:153,4
DA:157,4
DA:160,2
DA:161,4
DA:174,4
DA:177,2
DA:179,2
DA:181,5
DA:183,3
DA:184,3
DA:186,3
DA:188,3
DA:189,1
DA:192,2
DA:194,2
DA:195,1
DA:198,1
DA:200,1
DA:201,3
DA:211,3
DA:214,3
DA:216,1
DA:218,1
DA:219,3
DA:223,3
DA:226,1
DA:227,3
DA:239,3
DA:242,1
DA:244,1
DA:249,5
DA:251,6
DA:252,6
DA:254,6
DA:256,6
DA:257,1
DA:259,5
DA:261,5
DA:262,1
DA:265,4
DA:276,4
DA:278,4
DA:284,4
DA:288,4
DA:289,2
DA:290,2
DA:291,2
DA:293,0
DA:294,0
DA:295,0
DA:297,2
DA:298,1
DA:299,0
DA:300,0
DA:302,1
DA:303,1
DA:304,1
DA:307,1
DA:308,1
DA:311,4
DA:312,4
DA:314,4
DA:316,4
DA:319,5
DA:321,0
DA:322,0
DA:323,0
DA:325,0
DA:326,0
DA:329,0
DA:331,0
DA:332,0
DA:335,0
DA:349,0
DA:351,0
LF:128
LH:112
BRDA:51,0,0,1
BRDA:59,1,0,1
BRDA:88,2,0,1
BRDA:110,3,0,1
BRDA:128,4,0,1
BRDA:188,5,0,1
BRDA:194,6,0,1
BRDA:256,7,0,1
BRDA:261,8,0,1
BRDA:276,9,0,4
BRDA:276,9,1,0
BRDA:288,10,0,2
BRDA:288,10,1,2
BRDA:289,11,0,2
BRDA:289,11,1,0
BRDA:297,12,0,1
BRDA:297,12,1,1
BRDA:298,13,0,0
BRDA:298,13,1,1
BRDA:308,14,0,1
BRDA:308,14,1,0
BRDA:325,15,0,0
BRDA:331,16,0,0
BRF:23
BRH:17
end_of_record
TN:
SF:src\business\UsersBusiness.ts
FN:12,(anonymous_7)
FN:18,(anonymous_8)
FN:18,(anonymous_9)
FN:59,(anonymous_10)
FN:59,(anonymous_11)
FNF:5
FNH:5
FNDA:2,(anonymous_7)
FNDA:2,(anonymous_8)
FNDA:2,(anonymous_9)
FNDA:4,(anonymous_10)
FNDA:4,(anonymous_11)
DA:4,2
DA:5,2
DA:6,2
DA:11,2
DA:13,2
DA:14,2
DA:15,2
DA:16,2
DA:18,2
DA:19,2
DA:21,2
DA:23,2
DA:24,1
DA:27,1
DA:29,1
DA:31,1
DA:40,1
DA:41,1
DA:43,1
DA:49,1
DA:51,1
DA:56,1
DA:59,4
DA:60,4
DA:62,4
DA:64,4
DA:65,1
DA:68,3
DA:73,3
DA:74,2
DA:77,1
DA:86,1
DA:91,1
DA:93,1
DA:98,1
LF:35
LH:35
BRDA:23,0,0,1
BRDA:64,1,0,1
BRDA:73,2,0,2
BRF:3
BRH:3
end_of_record
TN:
SF:src\dtos\Posts\createPosts.dto.ts
FN:16,(anonymous_1)
FNF:1
FNH:1
FNDA:3,(anonymous_1)
DA:1,1
DA:13,1
DA:16,3
LF:3
LH:3
BRF:0
BRH:0
end_of_record
TN:
SF:src\dtos\Users\login.dto.ts
FN:16,(anonymous_1)
FNF:1
FNH:1
FNDA:4,(anonymous_1)
DA:1,1
DA:13,1
DA:16,4
LF:3
LH:3
BRF:0
BRH:0
end_of_record
TN:
SF:src\dtos\Users\signup.dto.ts
FN:18,(anonymous_1)
FNF:1
FNH:1
FNDA:2,(anonymous_1)
DA:1,1
DA:14,1
DA:18,2
LF:3
LH:3
BRF:0
BRH:0
end_of_record
TN:
SF:src\error\BadRequestError.ts
FN:4,(anonymous_0)
FNF:1
FNH:1
FNDA:11,(anonymous_0)
DA:1,7
DA:3,7
DA:7,11
LF:3
LH:3
BRDA:5,0,0,0
BRF:1
BRH:0
end_of_record
TN:
SF:src\error\NotFoundError.ts
FN:4,(anonymous_0)
FNF:1
FNH:1
FNDA:2,(anonymous_0)
DA:1,7
DA:3,7
DA:7,2
LF:3
LH:3
BRDA:5,0,0,0
BRF:1
BRH:0
end_of_record
TN:
SF:src\models\Post.ts
FN:70,(anonymous_0)
FN:74,(anonymous_1)
FN:79,(anonymous_2)
FN:137,(anonymous_3)
FN:141,(anonymous_4)
FN:149,(anonymous_5)
FN:153,(anonymous_6)
FN:89,(anonymous_7)
FN:93,(anonymous_8)
FN:97,(anonymous_9)
FN:101,(anonymous_10)
FN:104,(anonymous_11)
FN:107,(anonymous_12)
FN:111,(anonymous_13)
FN:115,(anonymous_14)
FN:118,(anonymous_15)
FN:122,(anonymous_16)
FN:126,(anonymous_17)
FN:130,(anonymous_18)
FN:134,(anonymous_19)
FN:145,(anonymous_20)
FN:157,(anonymous_21)
FN:170,(anonymous_22)
FNF:23
FNH:14
FNDA:5,(anonymous_0)
FNDA:5,(anonymous_1)
FNDA:10,(anonymous_2)
FNDA:2,(anonymous_3)
FNDA:2,(anonymous_4)
FNDA:0,(anonymous_5)
FNDA:1,(anonymous_6)
FNDA:1,(anonymous_7)
FNDA:1,(anonymous_8)
FNDA:1,(anonymous_9)
FNDA:1,(anonymous_10)
FNDA:0,(anonymous_11)
FNDA:1,(anonymous_12)
FNDA:1,(anonymous_13)
FNDA:0,(anonymous_14)
FNDA:0,(anonymous_15)
FNDA:0,(anonymous_16)
FNDA:0,(anonymous_17)
FNDA:0,(anonymous_18)
FNDA:0,(anonymous_19)
FNDA:0,(anonymous_20)
FNDA:4,(anonymous_21)
FNDA:5,(anonymous_22)
DA:70,5
DA:71,5
DA:72,5
DA:74,5
DA:75,5
DA:78,5
DA:80,10
DA:81,10
DA:82,10
DA:83,10
DA:84,10
DA:85,10
DA:86,10
DA:87,10
DA:90,1
DA:94,1
DA:98,1
DA:102,1
DA:105,0
DA:108,1
DA:112,1
DA:116,0
DA:119,0
DA:123,0
DA:127,0
DA:131,0
DA:135,0
DA:137,10
DA:138,2
DA:141,10
DA:142,2
DA:146,0
DA:149,10
DA:150,0
DA:153,10
DA:154,1
DA:158,4
DA:171,5
LF:38
LH:29
BRDA:70,0,0,5
BRDA:70,0,1,5
BRDA:74,1,0,5
BRDA:74,1,1,5
BRF:4
BRH:4
end_of_record
TN:
SF:tests\mocks\HashManagerMock.ts
FN:1,(anonymous_7)
FN:2,(anonymous_8)
FN:2,(anonymous_9)
FN:6,(anonymous_10)
FN:9,(anonymous_11)
FNF:5
FNH:5
FNDA:2,(anonymous_7)
FNDA:1,(anonymous_8)
FNDA:1,(anonymous_9)
FNDA:3,(anonymous_10)
FNDA:3,(anonymous_11)
DA:1,2
DA:2,2
DA:3,1
DA:6,2
DA:9,3
DA:10,3
DA:12,1
DA:15,0
DA:18,2
LF:9
LH:8
BRDA:10,0,0,1
BRDA:10,0,1,0
BRDA:10,0,2,2
BRF:3
BRH:2
end_of_record
TN:
SF:tests\mocks\IdGeneratorMock.ts
FN:2,(anonymous_0)
FNF:1
FNH:1
FNDA:5,(anonymous_0)
DA:1,7
DA:3,5
LF:2
LH:2
BRF:0
BRH:0
end_of_record
TN:
SF:tests\mocks\PostsDatabaseMock.ts
FN:85,(anonymous_7)
FN:89,(anonymous_9)
FN:93,(anonymous_11)
FN:94,(anonymous_13)
FN:97,(anonymous_14)
FN:98,(anonymous_16)
FN:104,(anonymous_17)
FN:105,(anonymous_19)
FN:111,(anonymous_20)
FN:117,(anonymous_22)
FN:121,(anonymous_24)
FN:135,(anonymous_25)
FN:139,(anonymous_27)
FN:148,(anonymous_28)
FN:152,(anonymous_30)
FN:161,(anonymous_31)
FN:165,(anonymous_33)
FN:169,(anonymous_35)
FN:174,(anonymous_36)
FN:176,(anonymous_38)
FN:181,(anonymous_39)
FN:185,(anonymous_41)
FNF:22
FNH:20
FNDA:1,(anonymous_7)
FNDA:2,(anonymous_9)
FNDA:9,(anonymous_11)
FNDA:14,(anonymous_13)
FNDA:4,(anonymous_14)
FNDA:4,(anonymous_16)
FNDA:0,(anonymous_17)
FNDA:0,(anonymous_19)
FNDA:1,(anonymous_20)
FNDA:4,(anonymous_22)
FNDA:5,(anonymous_24)
FNDA:2,(anonymous_25)
FNDA:2,(anonymous_27)
FNDA:1,(anonymous_28)
FNDA:2,(anonymous_30)
FNDA:2,(anonymous_31)
FNDA:2,(anonymous_33)
FNDA:3,(anonymous_35)
FNDA:1,(anonymous_36)
FNDA:3,(anonymous_38)
FNDA:1,(anonymous_39)
FNDA:1,(anonymous_41)
DA:2,5
DA:3,5
DA:6,5
DA:29,5
DA:47,5
DA:80,5
DA:81,5
DA:82,5
DA:83,5
DA:86,1
DA:90,2
DA:94,14
DA:98,4
DA:99,4
DA:100,4
DA:105,0
DA:106,0
DA:107,0
DA:114,1
DA:120,4
DA:122,5
DA:126,4
DA:127,1
DA:128,3
DA:129,2
DA:131,1
DA:138,2
DA:140,2
DA:143,2
DA:144,2
DA:151,1
DA:153,2
DA:156,1
DA:157,1
DA:162,2
DA:168,2
DA:169,3
DA:171,2
DA:175,1
DA:176,3
DA:178,1
DA:185,1
DA:186,1
DA:187,1
LF:44
LH:41
BRDA:99,0,0,4
BRDA:106,1,0,0
BRDA:122,2,0,5
BRDA:122,2,1,3
BRDA:126,3,0,1
BRDA:126,3,1,3
BRDA:128,4,0,2
BRDA:128,4,1,1
BRDA:140,5,0,2
BRDA:140,5,1,2
BRDA:143,6,0,2
BRDA:153,7,0,2
BRDA:153,7,1,1
BRDA:156,8,0,1
BRDA:186,9,0,1
BRF:15
BRH:14
end_of_record
TN:
SF:tests\mocks\TokenManagerMock.ts
FN:4,(anonymous_0)
FN:5,(anonymous_1)
FN:18,(anonymous_2)
FNF:3
FNH:3
FNDA:7,(anonymous_0)
FNDA:2,(anonymous_1)
FNDA:18,(anonymous_2)
DA:1,7
DA:4,7
DA:5,7
DA:6,2
DA:8,1
DA:9,1
DA:11,1
DA:14,0
DA:18,7
DA:19,18
DA:20,10
DA:25,8
DA:26,3
DA:32,5
LF:14
LH:13
BRDA:6,0,0,1
BRDA:6,0,1,1
BRDA:9,1,0,1
BRDA:9,1,1,0
BRDA:19,2,0,10
BRDA:19,2,1,8
BRDA:25,3,0,3
BRDA:25,3,1,5
BRF:8
BRH:7
end_of_record
TN:
SF:tests\mocks\UserDatabaseMock.ts
FN:26,(anonymous_7)
FN:28,(anonymous_9)
FN:36,(anonymous_10)
FN:37,(anonymous_12)
FN:40,(anonymous_13)
FN:41,(anonymous_15)
FN:44,(anonymous_16)
FN:47,(anonymous_18)
FN:51,(anonymous_20)
FN:51,(anonymous_21)
FN:53,(anonymous_22)
FN:53,(anonymous_23)
FN:55,(anonymous_24)
FN:55,(anonymous_25)
FNF:14
FNH:5
FNDA:0,(anonymous_7)
FNDA:0,(anonymous_9)
FNDA:6,(anonymous_10)
FNDA:12,(anonymous_12)
FNDA:0,(anonymous_13)
FNDA:0,(anonymous_15)
FNDA:7,(anonymous_16)
FNDA:0,(anonymous_18)
FNDA:1,(anonymous_20)
FNDA:1,(anonymous_21)
FNDA:0,(anonymous_22)
FNDA:0,(anonymous_23)
FNDA:0,(anonymous_24)
FNDA:0,(anonymous_25)
DA:1,7
DA:2,7
DA:4,7
DA:23,7
DA:24,7
DA:27,0
DA:28,0
DA:29,0
DA:32,0
DA:37,12
DA:41,0
DA:45,7
DA:48,0
DA:51,1
DA:53,0
DA:55,0
LF:16
LH:8
BRDA:27,0,0,0
BRDA:27,0,1,0
BRF:2
BRH:0
end_of_record
